

Processing HomeController#index (for 127.0.0.1 at 2009-08-11 11:17:32) [GET]
  [4;36;1mSQL (17.9ms)[0m   [0;1mSET NAMES 'utf8'[0m
  [4;35;1mSQL (0.2ms)[0m   [0mSET SQL_AUTO_IS_NULL=0[0m
Rendering template within layouts/application
Rendering home/index
Completed in 36ms (View: 31, DB: 18) | 200 OK [http://localhost/]


Processing CriancasController#index (for 127.0.0.1 at 2009-08-11 11:18:20) [GET]
  [4;36;1mSQL (0.1ms)[0m   [0;1mSET NAMES 'utf8'[0m
  [4;35;1mSQL (0.1ms)[0m   [0mSET SQL_AUTO_IS_NULL=0[0m
  [4;36;1mGrupo Load (0.2ms)[0m   [0;1mSELECT * FROM `grupos` ORDER BY nome[0m
  [4;35;1mRegiao Load (0.1ms)[0m   [0mSELECT * FROM `regiaos` ORDER BY nome[0m
  [4;36;1mUnidade Load (0.2ms)[0m   [0;1mSELECT * FROM `unidades` ORDER BY nome[0m
  [4;35;1mCrianca Load (12.9ms)[0m   [0mSELECT * FROM `criancas` [0m
Rendering template within layouts/criancas
Rendering criancas/index
  [4;36;1mCACHE (0.0ms)[0m   [0;1mSELECT * FROM `criancas` [0m
  [4;35;1mCrianca Load (0.2ms)[0m   [0mSELECT * FROM `criancas` WHERE (`criancas`.`matricula` = 1) [0m
  [4;36;1mUnidade Columns (21.7ms)[0m   [0;1mSHOW FIELDS FROM `unidades`[0m
Rendered criancas/_consultas (34.3ms)
Completed in 94ms (View: 24, DB: 36) | 200 OK [http://localhost/criancas]


Processing CriancasController#index (for 127.0.0.1 at 2009-08-11 11:18:29) [GET]
  [4;35;1mSQL (0.1ms)[0m   [0mSET NAMES 'utf8'[0m
  [4;36;1mSQL (0.1ms)[0m   [0;1mSET SQL_AUTO_IS_NULL=0[0m
  [4;35;1mGrupo Load (0.2ms)[0m   [0mSELECT * FROM `grupos` ORDER BY nome[0m
  [4;36;1mRegiao Load (0.1ms)[0m   [0;1mSELECT * FROM `regiaos` ORDER BY nome[0m
  [4;35;1mUnidade Load (0.2ms)[0m   [0mSELECT * FROM `unidades` ORDER BY nome[0m
  [4;36;1mCrianca Load (0.3ms)[0m   [0;1mSELECT * FROM `criancas` [0m
Rendering template within layouts/criancas
Rendering criancas/index
  [4;35;1mCACHE (0.0ms)[0m   [0mSELECT * FROM `criancas` [0m
  [4;36;1mCrianca Load (0.2ms)[0m   [0;1mSELECT * FROM `criancas` WHERE (`criancas`.`matricula` = 1) [0m
  [4;35;1mUnidade Columns (1.1ms)[0m   [0mSHOW FIELDS FROM `unidades`[0m
Rendered criancas/_consultas (14.4ms)
Completed in 64ms (View: 24, DB: 2) | 200 OK [http://localhost/criancas]


Processing CriancasController#index (for 127.0.0.1 at 2009-08-11 11:18:31) [GET]
  [4;36;1mSQL (0.1ms)[0m   [0;1mSET NAMES 'utf8'[0m
  [4;35;1mSQL (0.1ms)[0m   [0mSET SQL_AUTO_IS_NULL=0[0m
  [4;36;1mGrupo Load (0.2ms)[0m   [0;1mSELECT * FROM `grupos` ORDER BY nome[0m
  [4;35;1mRegiao Load (0.1ms)[0m   [0mSELECT * FROM `regiaos` ORDER BY nome[0m
  [4;36;1mUnidade Load (0.2ms)[0m   [0;1mSELECT * FROM `unidades` ORDER BY nome[0m
  [4;35;1mCrianca Load (0.3ms)[0m   [0mSELECT * FROM `criancas` [0m
Rendering template within layouts/criancas
Rendering criancas/index
  [4;36;1mCACHE (0.0ms)[0m   [0;1mSELECT * FROM `criancas` [0m
  [4;35;1mCrianca Load (0.2ms)[0m   [0mSELECT * FROM `criancas` WHERE (`criancas`.`matricula` = 1) [0m
  [4;36;1mUnidade Columns (1.3ms)[0m   [0;1mSHOW FIELDS FROM `unidades`[0m
Rendered criancas/_consultas (11.0ms)
Completed in 58ms (View: 19, DB: 3) | 200 OK [http://localhost/criancas]


Processing CriancasController#index (for 127.0.0.1 at 2009-08-11 11:18:32) [GET]
  [4;35;1mSQL (0.1ms)[0m   [0mSET NAMES 'utf8'[0m
  [4;36;1mSQL (0.1ms)[0m   [0;1mSET SQL_AUTO_IS_NULL=0[0m
  [4;35;1mGrupo Load (0.2ms)[0m   [0mSELECT * FROM `grupos` ORDER BY nome[0m
  [4;36;1mRegiao Load (0.1ms)[0m   [0;1mSELECT * FROM `regiaos` ORDER BY nome[0m
  [4;35;1mUnidade Load (0.2ms)[0m   [0mSELECT * FROM `unidades` ORDER BY nome[0m
  [4;36;1mCrianca Load (0.2ms)[0m   [0;1mSELECT * FROM `criancas` [0m
Rendering template within layouts/criancas
Rendering criancas/index
  [4;35;1mCACHE (0.0ms)[0m   [0mSELECT * FROM `criancas` [0m
  [4;36;1mCrianca Load (0.2ms)[0m   [0;1mSELECT * FROM `criancas` WHERE (`criancas`.`matricula` = 1) [0m
  [4;35;1mUnidade Columns (1.1ms)[0m   [0mSHOW FIELDS FROM `unidades`[0m
Rendered criancas/_consultas (10.4ms)
Completed in 55ms (View: 18, DB: 2) | 200 OK [http://localhost/criancas]


Processing CriancasController#index (for 127.0.0.1 at 2009-08-11 11:18:33) [GET]
  [4;36;1mSQL (0.1ms)[0m   [0;1mSET NAMES 'utf8'[0m
  [4;35;1mSQL (0.1ms)[0m   [0mSET SQL_AUTO_IS_NULL=0[0m
  [4;36;1mGrupo Load (0.1ms)[0m   [0;1mSELECT * FROM `grupos` ORDER BY nome[0m
  [4;35;1mRegiao Load (0.1ms)[0m   [0mSELECT * FROM `regiaos` ORDER BY nome[0m
  [4;36;1mUnidade Load (0.1ms)[0m   [0;1mSELECT * FROM `unidades` ORDER BY nome[0m
  [4;35;1mCrianca Load (0.2ms)[0m   [0mSELECT * FROM `criancas` [0m
Rendering template within layouts/criancas
Rendering criancas/index
  [4;36;1mCACHE (0.0ms)[0m   [0;1mSELECT * FROM `criancas` [0m
  [4;35;1mCrianca Load (0.2ms)[0m   [0mSELECT * FROM `criancas` WHERE (`criancas`.`matricula` = 1) [0m
  [4;36;1mUnidade Columns (0.8ms)[0m   [0;1mSHOW FIELDS FROM `unidades`[0m
Rendered criancas/_consultas (7.9ms)
Completed in 42ms (View: 14, DB: 2) | 200 OK [http://localhost/criancas]


Processing CriancasController#index (for 127.0.0.1 at 2009-08-11 11:18:34) [GET]
  [4;35;1mSQL (0.1ms)[0m   [0mSET NAMES 'utf8'[0m
  [4;36;1mSQL (0.1ms)[0m   [0;1mSET SQL_AUTO_IS_NULL=0[0m
  [4;35;1mGrupo Load (0.2ms)[0m   [0mSELECT * FROM `grupos` ORDER BY nome[0m
  [4;36;1mRegiao Load (0.1ms)[0m   [0;1mSELECT * FROM `regiaos` ORDER BY nome[0m
  [4;35;1mUnidade Load (0.2ms)[0m   [0mSELECT * FROM `unidades` ORDER BY nome[0m
  [4;36;1mCrianca Load (0.2ms)[0m   [0;1mSELECT * FROM `criancas` [0m
Rendering template within layouts/criancas
Rendering criancas/index
  [4;35;1mCACHE (0.0ms)[0m   [0mSELECT * FROM `criancas` [0m
  [4;36;1mCrianca Load (0.2ms)[0m   [0;1mSELECT * FROM `criancas` WHERE (`criancas`.`matricula` = 1) [0m
  [4;35;1mUnidade Columns (0.8ms)[0m   [0mSHOW FIELDS FROM `unidades`[0m
Rendered criancas/_consultas (8.8ms)
Completed in 53ms (View: 16, DB: 2) | 200 OK [http://localhost/criancas]


Processing CriancasController#index (for 127.0.0.1 at 2009-08-11 11:18:35) [GET]
  [4;36;1mSQL (0.1ms)[0m   [0;1mSET NAMES 'utf8'[0m
  [4;35;1mSQL (0.1ms)[0m   [0mSET SQL_AUTO_IS_NULL=0[0m
  [4;36;1mGrupo Load (0.2ms)[0m   [0;1mSELECT * FROM `grupos` ORDER BY nome[0m
  [4;35;1mRegiao Load (0.1ms)[0m   [0mSELECT * FROM `regiaos` ORDER BY nome[0m
  [4;36;1mUnidade Load (0.2ms)[0m   [0;1mSELECT * FROM `unidades` ORDER BY nome[0m
  [4;35;1mCrianca Load (0.2ms)[0m   [0mSELECT * FROM `criancas` [0m
Rendering template within layouts/criancas
Rendering criancas/index
  [4;36;1mCACHE (0.0ms)[0m   [0;1mSELECT * FROM `criancas` [0m
  [4;35;1mCrianca Load (0.2ms)[0m   [0mSELECT * FROM `criancas` WHERE (`criancas`.`matricula` = 1) [0m
  [4;36;1mUnidade Columns (1.2ms)[0m   [0;1mSHOW FIELDS FROM `unidades`[0m
Rendered criancas/_consultas (10.8ms)
Completed in 60ms (View: 20, DB: 2) | 200 OK [http://localhost/criancas]


Processing CriancasController#index (for 127.0.0.1 at 2009-08-11 11:18:35) [GET]
  [4;35;1mSQL (0.1ms)[0m   [0mSET NAMES 'utf8'[0m
  [4;36;1mSQL (0.1ms)[0m   [0;1mSET SQL_AUTO_IS_NULL=0[0m
  [4;35;1mGrupo Load (0.3ms)[0m   [0mSELECT * FROM `grupos` ORDER BY nome[0m
  [4;36;1mRegiao Load (0.2ms)[0m   [0;1mSELECT * FROM `regiaos` ORDER BY nome[0m
  [4;35;1mUnidade Load (0.2ms)[0m   [0mSELECT * FROM `unidades` ORDER BY nome[0m
  [4;36;1mCrianca Load (0.2ms)[0m   [0;1mSELECT * FROM `criancas` [0m
Rendering template within layouts/criancas
Rendering criancas/index
  [4;35;1mCACHE (0.0ms)[0m   [0mSELECT * FROM `criancas` [0m
  [4;36;1mCrianca Load (0.2ms)[0m   [0;1mSELECT * FROM `criancas` WHERE (`criancas`.`matricula` = 1) [0m
  [4;35;1mUnidade Columns (1.1ms)[0m   [0mSHOW FIELDS FROM `unidades`[0m
Rendered criancas/_consultas (10.5ms)
Completed in 62ms (View: 19, DB: 2) | 200 OK [http://localhost/criancas]


Processing CriancasController#index (for 127.0.0.1 at 2009-08-11 11:18:36) [GET]
  [4;36;1mSQL (0.1ms)[0m   [0;1mSET NAMES 'utf8'[0m
  [4;35;1mSQL (0.1ms)[0m   [0mSET SQL_AUTO_IS_NULL=0[0m
  [4;36;1mGrupo Load (0.2ms)[0m   [0;1mSELECT * FROM `grupos` ORDER BY nome[0m
  [4;35;1mRegiao Load (0.1ms)[0m   [0mSELECT * FROM `regiaos` ORDER BY nome[0m
  [4;36;1mUnidade Load (0.2ms)[0m   [0;1mSELECT * FROM `unidades` ORDER BY nome[0m
  [4;35;1mCrianca Load (0.2ms)[0m   [0mSELECT * FROM `criancas` [0m
Rendering template within layouts/criancas
Rendering criancas/index
  [4;36;1mCACHE (0.0ms)[0m   [0;1mSELECT * FROM `criancas` [0m
  [4;35;1mCrianca Load (0.2ms)[0m   [0mSELECT * FROM `criancas` WHERE (`criancas`.`matricula` = 1) [0m
  [4;36;1mUnidade Columns (1.1ms)[0m   [0;1mSHOW FIELDS FROM `unidades`[0m
Rendered criancas/_consultas (10.2ms)
Completed in 55ms (View: 18, DB: 2) | 200 OK [http://localhost/criancas]


Processing CriancasController#index (for 127.0.0.1 at 2009-08-11 11:18:36) [GET]
  [4;35;1mSQL (0.1ms)[0m   [0mSET NAMES 'utf8'[0m
  [4;36;1mSQL (0.1ms)[0m   [0;1mSET SQL_AUTO_IS_NULL=0[0m
  [4;35;1mGrupo Load (0.2ms)[0m   [0mSELECT * FROM `grupos` ORDER BY nome[0m
  [4;36;1mRegiao Load (0.2ms)[0m   [0;1mSELECT * FROM `regiaos` ORDER BY nome[0m
  [4;35;1mUnidade Load (0.2ms)[0m   [0mSELECT * FROM `unidades` ORDER BY nome[0m
  [4;36;1mCrianca Load (0.3ms)[0m   [0;1mSELECT * FROM `criancas` [0m
Rendering template within layouts/criancas
Rendering criancas/index
  [4;35;1mCACHE (0.0ms)[0m   [0mSELECT * FROM `criancas` [0m
  [4;36;1mCrianca Load (0.2ms)[0m   [0;1mSELECT * FROM `criancas` WHERE (`criancas`.`matricula` = 1) [0m
  [4;35;1mUnidade Columns (1.2ms)[0m   [0mSHOW FIELDS FROM `unidades`[0m
Rendered criancas/_consultas (12.0ms)
Completed in 142ms (View: 21, DB: 2) | 200 OK [http://localhost/criancas]


Processing CriancasController#index (for 127.0.0.1 at 2009-08-11 11:18:36) [GET]
  [4;36;1mSQL (0.1ms)[0m   [0;1mSET NAMES 'utf8'[0m
  [4;35;1mSQL (0.1ms)[0m   [0mSET SQL_AUTO_IS_NULL=0[0m
  [4;36;1mGrupo Load (0.2ms)[0m   [0;1mSELECT * FROM `grupos` ORDER BY nome[0m
  [4;35;1mRegiao Load (0.1ms)[0m   [0mSELECT * FROM `regiaos` ORDER BY nome[0m
  [4;36;1mUnidade Load (0.2ms)[0m   [0;1mSELECT * FROM `unidades` ORDER BY nome[0m
  [4;35;1mCrianca Load (0.3ms)[0m   [0mSELECT * FROM `criancas` [0m
Rendering template within layouts/criancas
Rendering criancas/index
  [4;36;1mCACHE (0.0ms)[0m   [0;1mSELECT * FROM `criancas` [0m
  [4;35;1mCrianca Load (0.2ms)[0m   [0mSELECT * FROM `criancas` WHERE (`criancas`.`matricula` = 1) [0m
  [4;36;1mUnidade Columns (1.1ms)[0m   [0;1mSHOW FIELDS FROM `unidades`[0m
Rendered criancas/_consultas (11.7ms)
Completed in 59ms (View: 21, DB: 2) | 200 OK [http://localhost/criancas]


Processing CriancasController#index (for 127.0.0.1 at 2009-08-11 11:21:53) [GET]
  [4;35;1mSQL (0.1ms)[0m   [0mSET NAMES 'utf8'[0m
  [4;36;1mSQL (0.1ms)[0m   [0;1mSET SQL_AUTO_IS_NULL=0[0m
  [4;35;1mGrupo Load (0.1ms)[0m   [0mSELECT * FROM `grupos` ORDER BY nome[0m
  [4;36;1mRegiao Load (0.2ms)[0m   [0;1mSELECT * FROM `regiaos` ORDER BY nome[0m
  [4;35;1mUnidade Load (0.2ms)[0m   [0mSELECT * FROM `unidades` ORDER BY nome[0m
  [4;36;1mCrianca Load (0.2ms)[0m   [0;1mSELECT * FROM `criancas` [0m
Rendering template within layouts/criancas
Rendering criancas/index
  [4;35;1mCACHE (0.0ms)[0m   [0mSELECT * FROM `criancas` [0m
  [4;36;1mCrianca Load (0.2ms)[0m   [0;1mSELECT * FROM `criancas` WHERE (`criancas`.`matricula` = 1) [0m
  [4;35;1mUnidade Columns (1.1ms)[0m   [0mSHOW FIELDS FROM `unidades`[0m
Rendered criancas/_consultas (16.9ms)
Completed in 87ms (View: 27, DB: 2) | 200 OK [http://localhost/criancas]


Processing HomeController#index (for 127.0.0.1 at 2009-08-11 11:23:02) [GET]
  [4;36;1mSQL (0.7ms)[0m   [0;1mSET NAMES 'utf8'[0m
  [4;35;1mSQL (0.2ms)[0m   [0mSET SQL_AUTO_IS_NULL=0[0m
Rendering template within layouts/application
Rendering home/index
Completed in 18ms (View: 13, DB: 1) | 200 OK [http://localhost/]


Processing CriancasController#index (for 127.0.0.1 at 2009-08-11 11:23:04) [GET]
  [4;36;1mSQL (0.1ms)[0m   [0;1mSET NAMES 'utf8'[0m
  [4;35;1mSQL (0.1ms)[0m   [0mSET SQL_AUTO_IS_NULL=0[0m
  [4;36;1mGrupo Load (0.2ms)[0m   [0;1mSELECT * FROM `grupos` ORDER BY nome[0m
  [4;35;1mRegiao Load (0.1ms)[0m   [0mSELECT * FROM `regiaos` ORDER BY nome[0m
  [4;36;1mUnidade Load (0.2ms)[0m   [0;1mSELECT * FROM `unidades` ORDER BY nome[0m
  [4;35;1mCrianca Load (0.3ms)[0m   [0mSELECT * FROM `criancas` [0m
Rendering template within layouts/criancas
Rendering criancas/index
  [4;36;1mCACHE (0.0ms)[0m   [0;1mSELECT * FROM `criancas` [0m
  [4;35;1mCrianca Load (0.2ms)[0m   [0mSELECT * FROM `criancas` WHERE (`criancas`.`matricula` = 1) [0m
  [4;36;1mUnidade Columns (1.5ms)[0m   [0;1mSHOW FIELDS FROM `unidades`[0m
Rendered criancas/_consultas (31.4ms)
Completed in 102ms (View: 44, DB: 3) | 200 OK [http://localhost/criancas]


Processing CriancasController#index (for 127.0.0.1 at 2009-08-11 11:23:54) [GET]
  [4;35;1mSQL (0.1ms)[0m   [0mSET NAMES 'utf8'[0m
  [4;36;1mSQL (0.1ms)[0m   [0;1mSET SQL_AUTO_IS_NULL=0[0m
  [4;35;1mGrupo Load (0.2ms)[0m   [0mSELECT * FROM `grupos` ORDER BY nome[0m
  [4;36;1mRegiao Load (0.2ms)[0m   [0;1mSELECT * FROM `regiaos` ORDER BY nome[0m
  [4;35;1mUnidade Load (0.2ms)[0m   [0mSELECT * FROM `unidades` ORDER BY nome[0m
  [4;36;1mCrianca Load (0.2ms)[0m   [0;1mSELECT * FROM `criancas` [0m
Rendering template within layouts/criancas
Rendering criancas/index
  [4;35;1mCACHE (0.0ms)[0m   [0mSELECT * FROM `criancas` [0m
  [4;36;1mCrianca Load (0.2ms)[0m   [0;1mSELECT * FROM `criancas` WHERE (`criancas`.`matricula` = 1) [0m
  [4;35;1mUnidade Columns (1.1ms)[0m   [0mSHOW FIELDS FROM `unidades`[0m
Rendered criancas/_consultas (23.7ms)
Completed in 183ms (View: 35, DB: 2) | 200 OK [http://localhost/criancas]


Processing CriancasController#index (for 127.0.0.1 at 2009-08-11 11:24:14) [GET]
  [4;36;1mSQL (0.1ms)[0m   [0;1mSET NAMES 'utf8'[0m
  [4;35;1mSQL (0.1ms)[0m   [0mSET SQL_AUTO_IS_NULL=0[0m
  [4;36;1mGrupo Load (6.9ms)[0m   [0;1mSELECT * FROM `grupos` ORDER BY nome[0m
  [4;35;1mRegiao Load (0.1ms)[0m   [0mSELECT * FROM `regiaos` ORDER BY nome[0m
  [4;36;1mUnidade Load (0.2ms)[0m   [0;1mSELECT * FROM `unidades` ORDER BY nome[0m
  [4;35;1mCrianca Load (0.3ms)[0m   [0mSELECT * FROM `criancas` [0m
Rendering template within layouts/criancas
Rendering criancas/index
  [4;36;1mCACHE (0.0ms)[0m   [0;1mSELECT * FROM `criancas` [0m
  [4;35;1mCrianca Load (0.2ms)[0m   [0mSELECT * FROM `criancas` WHERE (`criancas`.`matricula` = 1) [0m
  [4;36;1mUnidade Columns (1.1ms)[0m   [0;1mSHOW FIELDS FROM `unidades`[0m
Rendered criancas/_consultas (23.1ms)
Completed in 100ms (View: 39, DB: 9) | 200 OK [http://localhost/criancas]


Processing CriancasController#index (for 127.0.0.1 at 2009-08-11 11:25:32) [GET]
  [4;35;1mSQL (0.1ms)[0m   [0mSET NAMES 'utf8'[0m
  [4;36;1mSQL (0.1ms)[0m   [0;1mSET SQL_AUTO_IS_NULL=0[0m
  [4;35;1mGrupo Load (0.2ms)[0m   [0mSELECT * FROM `grupos` ORDER BY nome[0m
  [4;36;1mRegiao Load (0.1ms)[0m   [0;1mSELECT * FROM `regiaos` ORDER BY nome[0m
  [4;35;1mUnidade Load (0.2ms)[0m   [0mSELECT * FROM `unidades` ORDER BY nome[0m
  [4;36;1mCrianca Load (0.3ms)[0m   [0;1mSELECT * FROM `criancas` [0m
Rendering template within layouts/criancas
Rendering criancas/index
  [4;35;1mCACHE (0.0ms)[0m   [0mSELECT * FROM `criancas` [0m
  [4;36;1mCrianca Load (0.2ms)[0m   [0;1mSELECT * FROM `criancas` WHERE (`criancas`.`matricula` = 1) [0m
  [4;35;1mUnidade Columns (1.2ms)[0m   [0mSHOW FIELDS FROM `unidades`[0m
Rendered criancas/_consultas (22.9ms)
Completed in 86ms (View: 36, DB: 2) | 200 OK [http://localhost/criancas]


Processing CriancasController#un_op1_din (for 127.0.0.1 at 2009-08-11 11:25:36) [POST]
  Parameters: {"authenticity_token"=>"722b0fceaabfe0313e362daf4fc3b15202cf3cf0", "unidade_unidade_op1_id"=>"15"}
  [4;36;1mSQL (0.1ms)[0m   [0;1mSET NAMES 'utf8'[0m
  [4;35;1mSQL (0.1ms)[0m   [0mSET SQL_AUTO_IS_NULL=0[0m
  [4;36;1mGrupo Load (0.2ms)[0m   [0;1mSELECT * FROM `grupos` ORDER BY nome[0m
  [4;35;1mRegiao Load (0.1ms)[0m   [0mSELECT * FROM `regiaos` ORDER BY nome[0m
  [4;36;1mUnidade Load (0.2ms)[0m   [0;1mSELECT * FROM `unidades` ORDER BY nome[0m
  [4;35;1mCrianca Load (0.2ms)[0m   [0mSELECT * FROM `criancas` WHERE (option1 =15 and matricula != 1) [0m
  [4;36;1mCrianca Columns (2.5ms)[0m   [0;1mSHOW FIELDS FROM `criancas`[0m
  [4;35;1mUnidade Columns (1.1ms)[0m   [0mSHOW FIELDS FROM `unidades`[0m
  [4;36;1mUnidade Load (0.1ms)[0m   [0;1mSELECT * FROM `unidades` WHERE (`unidades`.`id` = 15) LIMIT 1[0m
  [4;35;1mUnidade Load (0.1ms)[0m   [0mSELECT * FROM `unidades` WHERE (`unidades`.`id` = 8) LIMIT 1[0m
  [4;36;1mGrupo Columns (1.0ms)[0m   [0;1mSHOW FIELDS FROM `grupos`[0m
  [4;35;1mGrupo Load (0.1ms)[0m   [0mSELECT * FROM `grupos` WHERE (`grupos`.`id` = 1) LIMIT 1[0m
  [4;36;1mCACHE (0.0ms)[0m   [0;1mSELECT * FROM `unidades` WHERE (`unidades`.`id` = 15) LIMIT 1[0m
  [4;35;1mUnidade Load (0.2ms)[0m   [0mSELECT * FROM `unidades` WHERE (`unidades`.`id` = 16) LIMIT 1[0m
  [4;36;1mCACHE (0.0ms)[0m   [0;1mSELECT * FROM `grupos` WHERE (`grupos`.`id` = 1) LIMIT 1[0m
  [4;35;1mCACHE (0.0ms)[0m   [0mSELECT * FROM `unidades` WHERE (`unidades`.`id` = 15) LIMIT 1[0m
  [4;36;1mCACHE (0.0ms)[0m   [0;1mSELECT * FROM `unidades` WHERE (`unidades`.`id` = 16) LIMIT 1[0m
  [4;35;1mCACHE (0.0ms)[0m   [0mSELECT * FROM `grupos` WHERE (`grupos`.`id` = 1) LIMIT 1[0m
  [4;36;1mCACHE (0.0ms)[0m   [0;1mSELECT * FROM `unidades` WHERE (`unidades`.`id` = 15) LIMIT 1[0m
  [4;35;1mCACHE (0.0ms)[0m   [0mSELECT * FROM `unidades` WHERE (`unidades`.`id` = 16) LIMIT 1[0m
  [4;36;1mCACHE (0.0ms)[0m   [0;1mSELECT * FROM `grupos` WHERE (`grupos`.`id` = 1) LIMIT 1[0m
  [4;35;1mCACHE (0.0ms)[0m   [0mSELECT * FROM `unidades` WHERE (`unidades`.`id` = 15) LIMIT 1[0m
  [4;36;1mCACHE (0.0ms)[0m   [0;1mSELECT * FROM `unidades` WHERE (`unidades`.`id` = 8) LIMIT 1[0m
  [4;35;1mGrupo Load (0.2ms)[0m   [0mSELECT * FROM `grupos` WHERE (`grupos`.`id` = 3) LIMIT 1[0m
  [4;36;1mCACHE (0.0ms)[0m   [0;1mSELECT * FROM `unidades` WHERE (`unidades`.`id` = 15) LIMIT 1[0m
  [4;35;1mCACHE (0.0ms)[0m   [0mSELECT * FROM `unidades` WHERE (`unidades`.`id` = 16) LIMIT 1[0m
  [4;36;1mGrupo Load (0.1ms)[0m   [0;1mSELECT * FROM `grupos` WHERE (`grupos`.`id` = 5) LIMIT 1[0m
  [4;35;1mCACHE (0.0ms)[0m   [0mSELECT * FROM `unidades` WHERE (`unidades`.`id` = 15) LIMIT 1[0m
  [4;36;1mCACHE (0.0ms)[0m   [0;1mSELECT * FROM `unidades` WHERE (`unidades`.`id` = 15) LIMIT 1[0m
  [4;35;1mCACHE (0.0ms)[0m   [0mSELECT * FROM `grupos` WHERE (`grupos`.`id` = 3) LIMIT 1[0m
Rendered criancas/_listar_criancas (96.6ms)
Completed in 257ms (View: 99, DB: 6) | 200 OK [http://localhost/criancas/un_op1_din]


Processing CriancasController#index (for 127.0.0.1 at 2009-08-11 11:27:38) [GET]
  [4;36;1mSQL (0.1ms)[0m   [0;1mSET NAMES 'utf8'[0m
  [4;35;1mSQL (0.1ms)[0m   [0mSET SQL_AUTO_IS_NULL=0[0m
  [4;36;1mGrupo Load (0.1ms)[0m   [0;1mSELECT * FROM `grupos` ORDER BY nome[0m
  [4;35;1mRegiao Load (0.1ms)[0m   [0mSELECT * FROM `regiaos` ORDER BY nome[0m
  [4;36;1mUnidade Load (0.2ms)[0m   [0;1mSELECT * FROM `unidades` ORDER BY nome[0m
  [4;35;1mCrianca Load (0.2ms)[0m   [0mSELECT * FROM `criancas` [0m
Rendering template within layouts/criancas
Rendering criancas/index
  [4;36;1mCACHE (0.0ms)[0m   [0;1mSELECT * FROM `criancas` [0m
  [4;35;1mCrianca Load (0.2ms)[0m   [0mSELECT * FROM `criancas` WHERE (`criancas`.`matricula` = 1) [0m
  [4;36;1mUnidade Columns (0.9ms)[0m   [0;1mSHOW FIELDS FROM `unidades`[0m
Rendered criancas/_consultas (16.3ms)
Completed in 88ms (View: 25, DB: 2) | 200 OK [http://localhost/criancas]


Processing CriancasController#index (for 127.0.0.1 at 2009-08-11 11:28:15) [GET]
  [4;35;1mSQL (0.1ms)[0m   [0mSET NAMES 'utf8'[0m
  [4;36;1mSQL (0.1ms)[0m   [0;1mSET SQL_AUTO_IS_NULL=0[0m
  [4;35;1mGrupo Load (0.2ms)[0m   [0mSELECT * FROM `grupos` ORDER BY nome[0m
  [4;36;1mRegiao Load (0.2ms)[0m   [0;1mSELECT * FROM `regiaos` ORDER BY nome[0m
  [4;35;1mUnidade Load (0.2ms)[0m   [0mSELECT * FROM `unidades` ORDER BY nome[0m
  [4;36;1mCrianca Load (0.4ms)[0m   [0;1mSELECT * FROM `criancas` [0m
Rendering template within layouts/criancas
Rendering criancas/index
  [4;35;1mCACHE (0.0ms)[0m   [0mSELECT * FROM `criancas` [0m
  [4;36;1mCrianca Load (0.2ms)[0m   [0;1mSELECT * FROM `criancas` WHERE (`criancas`.`matricula` = 1) [0m
  [4;35;1mUnidade Columns (0.9ms)[0m   [0mSHOW FIELDS FROM `unidades`[0m
Rendered criancas/_consultas (18.1ms)
Completed in 192ms (View: 30, DB: 2) | 200 OK [http://localhost/criancas]


Processing CriancasController#index (for 127.0.0.1 at 2009-08-11 11:28:33) [GET]
  [4;36;1mSQL (0.2ms)[0m   [0;1mSET NAMES 'utf8'[0m
  [4;35;1mSQL (0.1ms)[0m   [0mSET SQL_AUTO_IS_NULL=0[0m
  [4;36;1mGrupo Load (0.2ms)[0m   [0;1mSELECT * FROM `grupos` ORDER BY nome[0m
  [4;35;1mRegiao Load (0.2ms)[0m   [0mSELECT * FROM `regiaos` ORDER BY nome[0m
  [4;36;1mUnidade Load (0.2ms)[0m   [0;1mSELECT * FROM `unidades` ORDER BY nome[0m
  [4;35;1mCrianca Load (0.2ms)[0m   [0mSELECT * FROM `criancas` [0m
Rendering template within layouts/criancas
Rendering criancas/index
  [4;36;1mCACHE (0.0ms)[0m   [0;1mSELECT * FROM `criancas` [0m
  [4;35;1mCrianca Load (0.2ms)[0m   [0mSELECT * FROM `criancas` WHERE (`criancas`.`matricula` = 1) [0m
  [4;36;1mUnidade Columns (1.2ms)[0m   [0;1mSHOW FIELDS FROM `unidades`[0m
Rendered criancas/_consultas (23.8ms)
Completed in 98ms (View: 38, DB: 2) | 200 OK [http://localhost/criancas]


Processing CriancasController#index (for 127.0.0.1 at 2009-08-11 11:28:45) [GET]
  [4;35;1mSQL (0.1ms)[0m   [0mSET NAMES 'utf8'[0m
  [4;36;1mSQL (0.1ms)[0m   [0;1mSET SQL_AUTO_IS_NULL=0[0m
  [4;35;1mGrupo Load (0.2ms)[0m   [0mSELECT * FROM `grupos` ORDER BY nome[0m
  [4;36;1mRegiao Load (0.1ms)[0m   [0;1mSELECT * FROM `regiaos` ORDER BY nome[0m
  [4;35;1mUnidade Load (0.2ms)[0m   [0mSELECT * FROM `unidades` ORDER BY nome[0m
  [4;36;1mCrianca Load (0.2ms)[0m   [0;1mSELECT * FROM `criancas` [0m
Rendering template within layouts/criancas
Rendering criancas/index
  [4;35;1mCACHE (0.0ms)[0m   [0mSELECT * FROM `criancas` [0m
  [4;36;1mCrianca Load (0.2ms)[0m   [0;1mSELECT * FROM `criancas` WHERE (`criancas`.`matricula` = 1) [0m
  [4;35;1mUnidade Columns (1.1ms)[0m   [0mSHOW FIELDS FROM `unidades`[0m
Rendered criancas/_consultas (22.8ms)
Completed in 93ms (View: 36, DB: 2) | 200 OK [http://localhost/criancas]


Processing CriancasController#index (for 127.0.0.1 at 2009-08-11 11:29:26) [GET]
  [4;36;1mSQL (0.1ms)[0m   [0;1mSET NAMES 'utf8'[0m
  [4;35;1mSQL (0.1ms)[0m   [0mSET SQL_AUTO_IS_NULL=0[0m
  [4;36;1mGrupo Load (0.2ms)[0m   [0;1mSELECT * FROM `grupos` ORDER BY nome[0m
  [4;35;1mRegiao Load (0.2ms)[0m   [0mSELECT * FROM `regiaos` ORDER BY nome[0m
  [4;36;1mUnidade Load (0.2ms)[0m   [0;1mSELECT * FROM `unidades` ORDER BY nome[0m
  [4;35;1mCrianca Load (0.3ms)[0m   [0mSELECT * FROM `criancas` [0m
Rendering template within layouts/criancas
Rendering criancas/index
  [4;36;1mUnidade Columns (1.2ms)[0m   [0;1mSHOW FIELDS FROM `unidades`[0m
  [4;35;1mCACHE (0.0ms)[0m   [0mSELECT * FROM `criancas` [0m
  [4;36;1mCrianca Load (0.2ms)[0m   [0;1mSELECT * FROM `criancas` WHERE (`criancas`.`matricula` = 1) [0m
Rendered criancas/_consultas (23.5ms)
Completed in 88ms (View: 36, DB: 2) | 200 OK [http://localhost/criancas]
