

Processing HomeController#index (for 127.0.0.1 at 2009-08-18 10:47:17) [GET]
Rendering template within layouts/application
Rendering home/index
Completed in 12ms (View: 7, DB: 218) | 200 OK [http://localhost/]


Processing HomeController#index (for 127.0.0.1 at 2009-08-18 10:47:19) [GET]
Rendering template within layouts/application
Rendering home/index
Completed in 3ms (View: 3, DB: 0) | 200 OK [http://localhost/]


Processing HomeController#index (for 127.0.0.1 at 2009-08-18 11:11:15) [GET]
Rendering template within layouts/application
Rendering home/index
Completed in 13ms (View: 8, DB: 20) | 200 OK [http://localhost/]


Processing HomeController#index (for 127.0.0.1 at 2009-08-18 11:11:16) [GET]
Rendering template within layouts/application
Rendering home/index
Completed in 3ms (View: 3, DB: 0) | 200 OK [http://localhost/]


Processing HomeController#index (for 127.0.0.1 at 2009-08-18 11:11:39) [GET]
Rendering template within layouts/application
Rendering home/index
Completed in 3ms (View: 3, DB: 0) | 200 OK [http://localhost/]


Processing HomeController#index (for 127.0.0.1 at 2009-08-18 11:11:40) [GET]
Rendering template within layouts/application
Rendering home/index
Completed in 3ms (View: 3, DB: 0) | 200 OK [http://localhost/]


Processing HomeController#index (for 127.0.0.1 at 2009-08-18 11:11:42) [GET]
Rendering template within layouts/application
Rendering home/index
Completed in 3ms (View: 3, DB: 0) | 200 OK [http://localhost/]


Processing HomeController#index (for 127.0.0.1 at 2009-08-18 11:11:42) [GET]
Rendering template within layouts/application
Rendering home/index
Completed in 3ms (View: 3, DB: 0) | 200 OK [http://localhost/]


Processing HomeController#index (for 127.0.0.1 at 2009-08-19 08:09:47) [GET]
Rendering template within layouts/application
Rendering home/index
Completed in 28ms (View: 22, DB: 39) | 200 OK [http://localhost/]


Processing HomeController#index (for 127.0.0.1 at 2009-08-19 08:09:48) [GET]
Rendering template within layouts/application
Rendering home/index
Completed in 3ms (View: 3, DB: 0) | 200 OK [http://localhost/]


Processing CriancasController#index (for 127.0.0.1 at 2009-08-19 08:09:50) [GET]
Rendering template within layouts/criancas
Rendering criancas/index
Completed in 595ms (View: 58, DB: 458) | 200 OK [http://localhost/criancas]


Processing CriancasController#index (for 127.0.0.1 at 2009-08-19 08:09:51) [GET]
Rendering template within layouts/criancas
Rendering criancas/index
Completed in 131ms (View: 61, DB: 5) | 200 OK [http://localhost/criancas]


Processing CriancasController#consulta (for 127.0.0.1 at 2009-08-19 08:09:54) [POST]
  Parameters: {"authenticity_token"=>"64171132212858e37636134d5dffa556701f517f"}
Completed in 248ms (View: 162, DB: 51) | 200 OK [http://localhost/criancas/consulta]


Processing CriancasController#relatorio (for 127.0.0.1 at 2009-08-19 08:09:59) [POST]
  Parameters: {"authenticity_token"=>"64171132212858e37636134d5dffa556701f517f"}
Completed in 245ms (View: 83, DB: 135) | 200 OK [http://localhost/criancas/relatorio]


Processing HomeController#index (for 192.168.0.168 at 2009-08-19 08:11:27) [GET]
Rendering template within layouts/application
Rendering home/index
Completed in 3ms (View: 3, DB: 0) | 200 OK [http://192.168.0.153/]


Processing HomeController#index (for 192.168.0.168 at 2009-08-19 08:11:27) [GET]
Rendering template within layouts/application
Rendering home/index
Completed in 3ms (View: 3, DB: 0) | 200 OK [http://192.168.0.153/]


Processing CriancasController#index (for 192.168.0.168 at 2009-08-19 08:11:29) [GET]
Rendering template within layouts/criancas
Rendering criancas/index
Completed in 257ms (View: 186, DB: 5) | 200 OK [http://192.168.0.153/criancas]


Processing CriancasController#index (for 192.168.0.168 at 2009-08-19 08:11:29) [GET]
Rendering template within layouts/criancas
Rendering criancas/index
Completed in 124ms (View: 55, DB: 4) | 200 OK [http://192.168.0.153/criancas]


Processing CriancasController#consulta (for 192.168.0.168 at 2009-08-19 08:11:31) [POST]
  Parameters: {"authenticity_token"=>"1775342e04f8afa399595fd7819921f3765ea1e0"}
Completed in 61ms (View: 26, DB: 2) | 200 OK [http://192.168.0.153/criancas/consulta]


Processing CriancasController#relatorio (for 192.168.0.168 at 2009-08-19 08:11:37) [POST]
  Parameters: {"authenticity_token"=>"1775342e04f8afa399595fd7819921f3765ea1e0"}
Completed in 240ms (View: 197, DB: 9) | 200 OK [http://192.168.0.153/criancas/relatorio]


Processing CriancasController#index (for 192.168.0.168 at 2009-08-19 08:12:26) [GET]
Rendering template within layouts/criancas
Rendering criancas/index
Completed in 121ms (View: 52, DB: 4) | 200 OK [http://192.168.0.153/criancas]


Processing CriancasController#index (for 192.168.0.168 at 2009-08-19 08:12:26) [GET]
Rendering template within layouts/criancas
Rendering criancas/index
Completed in 248ms (View: 38, DB: 4) | 200 OK [http://192.168.0.153/criancas]


Processing CriancasController#consulta (for 192.168.0.168 at 2009-08-19 08:12:27) [POST]
  Parameters: {"authenticity_token"=>"1775342e04f8afa399595fd7819921f3765ea1e0"}
Completed in 61ms (View: 26, DB: 2) | 200 OK [http://192.168.0.153/criancas/consulta]


Processing CriancasController#relatorio (for 192.168.0.168 at 2009-08-19 08:12:31) [POST]
  Parameters: {"authenticity_token"=>"1775342e04f8afa399595fd7819921f3765ea1e0"}
Completed in 254ms (View: 210, DB: 10) | 200 OK [http://192.168.0.153/criancas/relatorio]


Processing CriancasController#index (for 192.168.0.168 at 2009-08-19 08:13:37) [GET]
Rendering template within layouts/criancas
Rendering criancas/index
Completed in 124ms (View: 52, DB: 4) | 200 OK [http://192.168.0.153/criancas]


Processing CriancasController#index (for 192.168.0.168 at 2009-08-19 08:13:37) [GET]
Rendering template within layouts/criancas
Rendering criancas/index
Completed in 289ms (View: 54, DB: 5) | 200 OK [http://192.168.0.153/criancas]


Processing CriancasController#new (for 192.168.0.168 at 2009-08-19 08:13:41) [GET]
Rendering template within layouts/criancas
Rendering criancas/new
Completed in 197ms (View: 159, DB: 3) | 200 OK [http://192.168.0.153/criancas/new]


Processing CriancasController#new (for 192.168.0.168 at 2009-08-19 08:13:42) [GET]
Rendering template within layouts/criancas
Rendering criancas/new
Completed in 69ms (View: 33, DB: 2) | 200 OK [http://192.168.0.153/criancas/new]


Processing CriancasController#consulta (for 192.168.0.168 at 2009-08-19 08:15:33) [POST]
  Parameters: {"authenticity_token"=>"1775342e04f8afa399595fd7819921f3765ea1e0"}
Completed in 62ms (View: 26, DB: 2) | 200 OK [http://192.168.0.153/criancas/consulta]


Processing HomeController#index (for 127.0.0.1 at 2009-08-19 15:53:54) [GET]
Rendering template within layouts/application
Rendering home/index
Completed in 9ms (View: 6, DB: 0) | 200 OK [http://localhost/]


Processing HomeController#index (for 127.0.0.1 at 2009-08-19 15:53:55) [GET]
Rendering template within layouts/application
Rendering home/index
Completed in 3ms (View: 3, DB: 0) | 200 OK [http://localhost/]


Processing CriancasController#index (for 127.0.0.1 at 2009-08-19 15:53:57) [GET]
Rendering template within layouts/criancas
Rendering criancas/index
Completed in 153ms (View: 56, DB: 19) | 200 OK [http://localhost/criancas]


Processing CriancasController#index (for 127.0.0.1 at 2009-08-19 15:53:57) [GET]
Rendering template within layouts/criancas
Rendering criancas/index
Completed in 127ms (View: 53, DB: 6) | 200 OK [http://localhost/criancas]


Processing CriancasController#new (for 127.0.0.1 at 2009-08-19 15:53:59) [GET]
Rendering template within layouts/criancas
Rendering criancas/new
Completed in 250ms (View: 69, DB: 48) | 200 OK [http://localhost/criancas/new]


Processing CriancasController#new (for 127.0.0.1 at 2009-08-19 15:53:59) [GET]
Rendering template within layouts/criancas
Rendering criancas/new
Completed in 80ms (View: 38, DB: 2) | 200 OK [http://localhost/criancas/new]


Processing CriancasController#index (for 127.0.0.1 at 2009-08-19 15:54:03) [GET]
Rendering template within layouts/criancas
Rendering criancas/index
Completed in 122ms (View: 52, DB: 5) | 200 OK [http://localhost/criancas]


Processing CriancasController#index (for 127.0.0.1 at 2009-08-19 15:54:04) [GET]
Rendering template within layouts/criancas
Rendering criancas/index
Completed in 257ms (View: 48, DB: 10) | 200 OK [http://localhost/criancas]


Processing CriancasController#consulta (for 127.0.0.1 at 2009-08-19 15:54:06) [POST]
  Parameters: {"authenticity_token"=>"64171132212858e37636134d5dffa556701f517f"}
Completed in 67ms (View: 31, DB: 2) | 200 OK [http://localhost/criancas/consulta]


Processing CriancasController#relatorio (for 127.0.0.1 at 2009-08-19 15:54:11) [POST]
  Parameters: {"authenticity_token"=>"64171132212858e37636134d5dffa556701f517f"}
Completed in 420ms (View: 212, DB: 182) | 200 OK [http://localhost/criancas/relatorio]


Processing CriancasController#index (for 127.0.0.1 at 2009-08-19 15:54:50) [GET]
Rendering template within layouts/criancas
Rendering criancas/index
Completed in 129ms (View: 54, DB: 5) | 200 OK [http://localhost/criancas]


Processing CriancasController#index (for 127.0.0.1 at 2009-08-19 15:54:51) [GET]
Rendering template within layouts/criancas
Rendering criancas/index
Completed in 249ms (View: 40, DB: 4) | 200 OK [http://localhost/criancas]


Processing CriancasController#consulta (for 127.0.0.1 at 2009-08-19 15:54:52) [POST]
  Parameters: {"authenticity_token"=>"64171132212858e37636134d5dffa556701f517f"}
Completed in 65ms (View: 27, DB: 2) | 200 OK [http://localhost/criancas/consulta]


Processing CriancasController#relatorio (for 127.0.0.1 at 2009-08-19 15:54:55) [POST]
  Parameters: {"authenticity_token"=>"64171132212858e37636134d5dffa556701f517f"}
Completed in 279ms (View: 234, DB: 11) | 200 OK [http://localhost/criancas/relatorio]


Processing CriancasController#index (for 127.0.0.1 at 2009-08-19 15:55:09) [GET]
Rendering template within layouts/criancas
Rendering criancas/index
Completed in 125ms (View: 53, DB: 4) | 200 OK [http://localhost/criancas]


Processing CriancasController#index (for 127.0.0.1 at 2009-08-19 15:55:09) [GET]
Rendering template within layouts/criancas
Rendering criancas/index
Completed in 268ms (View: 47, DB: 5) | 200 OK [http://localhost/criancas]


Processing CriancasController#consulta (for 127.0.0.1 at 2009-08-19 15:55:11) [POST]
  Parameters: {"authenticity_token"=>"64171132212858e37636134d5dffa556701f517f"}
Completed in 62ms (View: 26, DB: 2) | 200 OK [http://localhost/criancas/consulta]


Processing CriancasController#relatorio (for 127.0.0.1 at 2009-08-19 15:55:14) [POST]
  Parameters: {"authenticity_token"=>"64171132212858e37636134d5dffa556701f517f"}
Completed in 270ms (View: 225, DB: 11) | 200 OK [http://localhost/criancas/relatorio]


Processing CriancasController#relatorio_impressao (for 127.0.0.1 at 2009-08-19 15:55:39) [POST]
  Parameters: {"authenticity_token"=>"64171132212858e37636134d5dffa556701f517f"}
Completed in 256ms (View: 210, DB: 11) | 200 OK [http://localhost/criancas/relatorio_impressao]


Processing CriancasController#index (for 127.0.0.1 at 2009-08-19 15:55:43) [GET]
Rendering template within layouts/criancas
Rendering criancas/index
Completed in 129ms (View: 53, DB: 5) | 200 OK [http://localhost/criancas]


Processing CriancasController#index (for 127.0.0.1 at 2009-08-19 15:55:44) [GET]
Rendering template within layouts/criancas
Rendering criancas/index
Completed in 220ms (View: 40, DB: 4) | 200 OK [http://localhost/criancas]


Processing CriancasController#index (for 127.0.0.1 at 2009-08-19 15:55:59) [GET]
Rendering template within layouts/criancas
Rendering criancas/index
Completed in 123ms (View: 52, DB: 4) | 200 OK [http://localhost/criancas]


Processing CriancasController#index (for 127.0.0.1 at 2009-08-19 15:55:59) [GET]
Rendering template within layouts/criancas
Rendering criancas/index
Completed in 255ms (View: 42, DB: 4) | 200 OK [http://localhost/criancas]


Processing CriancasController#consulta (for 127.0.0.1 at 2009-08-19 15:56:00) [POST]
  Parameters: {"authenticity_token"=>"64171132212858e37636134d5dffa556701f517f"}
Completed in 63ms (View: 27, DB: 2) | 200 OK [http://localhost/criancas/consulta]


Processing CriancasController#relatorio (for 127.0.0.1 at 2009-08-19 15:56:04) [POST]
  Parameters: {"authenticity_token"=>"64171132212858e37636134d5dffa556701f517f"}
Completed in 247ms (View: 203, DB: 10) | 200 OK [http://localhost/criancas/relatorio]


Processing CriancasController#index (for 127.0.0.1 at 2009-08-19 15:56:55) [GET]
Rendering template within layouts/criancas
Rendering criancas/index
Completed in 127ms (View: 53, DB: 5) | 200 OK [http://localhost/criancas]


Processing CriancasController#index (for 127.0.0.1 at 2009-08-19 15:56:55) [GET]
Rendering template within layouts/criancas
Rendering criancas/index
Completed in 269ms (View: 40, DB: 5) | 200 OK [http://localhost/criancas]


Processing CriancasController#consulta (for 127.0.0.1 at 2009-08-19 15:56:57) [POST]
  Parameters: {"authenticity_token"=>"64171132212858e37636134d5dffa556701f517f"}
Completed in 62ms (View: 26, DB: 2) | 200 OK [http://localhost/criancas/consulta]


Processing CriancasController#relatorio (for 127.0.0.1 at 2009-08-19 15:57:00) [POST]
  Parameters: {"authenticity_token"=>"64171132212858e37636134d5dffa556701f517f"}
Completed in 283ms (View: 231, DB: 13) | 200 OK [http://localhost/criancas/relatorio]


Processing CriancasController#relatorio_impressao (for 127.0.0.1 at 2009-08-19 15:57:13) [POST]
  Parameters: {"authenticity_token"=>"64171132212858e37636134d5dffa556701f517f"}
Completed in 252ms (View: 207, DB: 10) | 200 OK [http://localhost/criancas/relatorio_impressao]


Processing CriancasController#index (for 127.0.0.1 at 2009-08-19 15:57:20) [GET]
Rendering template within layouts/criancas
Rendering criancas/index
Completed in 126ms (View: 53, DB: 4) | 200 OK [http://localhost/criancas]


Processing CriancasController#index (for 127.0.0.1 at 2009-08-19 15:57:20) [GET]
Rendering template within layouts/criancas
Rendering criancas/index
Completed in 224ms (View: 40, DB: 4) | 200 OK [http://localhost/criancas]


Processing CriancasController#consulta (for 127.0.0.1 at 2009-08-19 15:58:34) [POST]
  Parameters: {"authenticity_token"=>"64171132212858e37636134d5dffa556701f517f"}
Completed in 62ms (View: 26, DB: 2) | 200 OK [http://localhost/criancas/consulta]


Processing CriancasController#relatorio (for 127.0.0.1 at 2009-08-19 15:58:37) [POST]
  Parameters: {"authenticity_token"=>"64171132212858e37636134d5dffa556701f517f"}
Completed in 239ms (View: 196, DB: 10) | 200 OK [http://localhost/criancas/relatorio]


Processing CriancasController#index (for 127.0.0.1 at 2009-08-19 15:59:47) [GET]
Rendering template within layouts/criancas
Rendering criancas/index
Completed in 125ms (View: 51, DB: 5) | 200 OK [http://localhost/criancas]


Processing CriancasController#index (for 127.0.0.1 at 2009-08-19 15:59:47) [GET]
Rendering template within layouts/criancas
Rendering criancas/index
Completed in 268ms (View: 54, DB: 5) | 200 OK [http://localhost/criancas]


Processing CriancasController#consulta (for 127.0.0.1 at 2009-08-19 15:59:49) [POST]
  Parameters: {"authenticity_token"=>"64171132212858e37636134d5dffa556701f517f"}
Completed in 61ms (View: 26, DB: 2) | 200 OK [http://localhost/criancas/consulta]


Processing CriancasController#relatorio (for 127.0.0.1 at 2009-08-19 15:59:54) [POST]
  Parameters: {"authenticity_token"=>"64171132212858e37636134d5dffa556701f517f"}
Completed in 257ms (View: 213, DB: 9) | 200 OK [http://localhost/criancas/relatorio]


Processing CriancasController#index (for 127.0.0.1 at 2009-08-19 16:00:48) [GET]
Rendering template within layouts/criancas
Rendering criancas/index
Completed in 117ms (View: 47, DB: 4) | 200 OK [http://localhost/criancas]


Processing CriancasController#index (for 127.0.0.1 at 2009-08-19 16:00:48) [GET]
Rendering template within layouts/criancas
Rendering criancas/index
Completed in 277ms (View: 57, DB: 5) | 200 OK [http://localhost/criancas]


Processing CriancasController#consulta (for 127.0.0.1 at 2009-08-19 16:00:50) [POST]
  Parameters: {"authenticity_token"=>"64171132212858e37636134d5dffa556701f517f"}
Completed in 62ms (View: 26, DB: 2) | 200 OK [http://localhost/criancas/consulta]


Processing CriancasController#relatorio (for 127.0.0.1 at 2009-08-19 16:00:54) [POST]
  Parameters: {"authenticity_token"=>"64171132212858e37636134d5dffa556701f517f"}
Completed in 235ms (View: 191, DB: 10) | 200 OK [http://localhost/criancas/relatorio]


Processing CriancasController#relatorio_impressao (for 127.0.0.1 at 2009-08-19 16:01:04) [POST]
  Parameters: {"authenticity_token"=>"64171132212858e37636134d5dffa556701f517f"}
Completed in 243ms (View: 198, DB: 11) | 200 OK [http://localhost/criancas/relatorio_impressao]


Processing CriancasController#index (for 127.0.0.1 at 2009-08-19 16:01:08) [GET]
Rendering template within layouts/criancas
Rendering criancas/index
Completed in 127ms (View: 53, DB: 5) | 200 OK [http://localhost/criancas]


Processing CriancasController#index (for 127.0.0.1 at 2009-08-19 16:01:09) [GET]
Rendering template within layouts/criancas
Rendering criancas/index
Completed in 231ms (View: 40, DB: 4) | 200 OK [http://localhost/criancas]


Processing CriancasController#index (for 127.0.0.1 at 2009-08-19 16:02:58) [GET]
Rendering template within layouts/criancas
Rendering criancas/index
Completed in 130ms (View: 55, DB: 5) | 200 OK [http://localhost/criancas]


Processing CriancasController#index (for 127.0.0.1 at 2009-08-19 16:02:58) [GET]
Rendering template within layouts/criancas
Rendering criancas/index
Completed in 246ms (View: 42, DB: 4) | 200 OK [http://localhost/criancas]


Processing CriancasController#consulta (for 127.0.0.1 at 2009-08-19 16:03:00) [POST]
  Parameters: {"authenticity_token"=>"64171132212858e37636134d5dffa556701f517f"}
Completed in 65ms (View: 28, DB: 2) | 200 OK [http://localhost/criancas/consulta]


Processing CriancasController#relatorio (for 127.0.0.1 at 2009-08-19 16:03:03) [POST]
  Parameters: {"authenticity_token"=>"64171132212858e37636134d5dffa556701f517f"}
Completed in 250ms (View: 207, DB: 10) | 200 OK [http://localhost/criancas/relatorio]


Processing CriancasController#index (for 127.0.0.1 at 2009-08-19 16:03:41) [GET]
Rendering template within layouts/criancas
Rendering criancas/index
Completed in 127ms (View: 54, DB: 5) | 200 OK [http://localhost/criancas]


Processing CriancasController#index (for 127.0.0.1 at 2009-08-19 16:03:41) [GET]
Rendering template within layouts/criancas
Rendering criancas/index
Completed in 260ms (View: 46, DB: 4) | 200 OK [http://localhost/criancas]


Processing CriancasController#consulta (for 127.0.0.1 at 2009-08-19 16:03:43) [POST]
  Parameters: {"authenticity_token"=>"64171132212858e37636134d5dffa556701f517f"}
Completed in 62ms (View: 26, DB: 2) | 200 OK [http://localhost/criancas/consulta]


Processing CriancasController#relatorio (for 127.0.0.1 at 2009-08-19 16:03:47) [POST]
  Parameters: {"authenticity_token"=>"64171132212858e37636134d5dffa556701f517f"}
Completed in 273ms (View: 228, DB: 10) | 200 OK [http://localhost/criancas/relatorio]


Processing CriancasController#index (for 127.0.0.1 at 2009-08-19 16:06:30) [GET]
Rendering template within layouts/criancas
Rendering criancas/index
Completed in 123ms (View: 53, DB: 4) | 200 OK [http://localhost/criancas]


Processing CriancasController#index (for 127.0.0.1 at 2009-08-19 16:06:31) [GET]
Rendering template within layouts/criancas
Rendering criancas/index
Completed in 239ms (View: 39, DB: 4) | 200 OK [http://localhost/criancas]


Processing HomeController#index (for 127.0.0.1 at 2009-08-19 16:08:01) [GET]
Rendering template within layouts/application
Rendering home/index
Completed in 13ms (View: 8, DB: 0) | 200 OK [http://localhost/]


Processing HomeController#index (for 127.0.0.1 at 2009-08-19 16:08:01) [GET]
Rendering template within layouts/application
Rendering home/index
Completed in 3ms (View: 3, DB: 0) | 200 OK [http://localhost/]


Processing CriancasController#index (for 127.0.0.1 at 2009-08-19 16:08:05) [GET]
Rendering template within layouts/criancas
Rendering criancas/index
Completed in 136ms (View: 56, DB: 5) | 200 OK [http://localhost/criancas]


Processing CriancasController#index (for 127.0.0.1 at 2009-08-19 16:08:05) [GET]
Rendering template within layouts/criancas
Rendering criancas/index
Completed in 126ms (View: 54, DB: 5) | 200 OK [http://localhost/criancas]


Processing CriancasController#consulta (for 127.0.0.1 at 2009-08-19 16:08:06) [POST]
  Parameters: {"authenticity_token"=>"64171132212858e37636134d5dffa556701f517f"}
Completed in 220ms (View: 166, DB: 19) | 200 OK [http://localhost/criancas/consulta]


Processing CriancasController#relatorio (for 127.0.0.1 at 2009-08-19 16:08:10) [POST]
  Parameters: {"authenticity_token"=>"64171132212858e37636134d5dffa556701f517f"}
Completed in 155ms (View: 108, DB: 10) | 200 OK [http://localhost/criancas/relatorio]


Processing HomeController#index (for 127.0.0.1 at 2009-08-19 16:08:57) [GET]
Rendering template within layouts/application
Rendering home/index
Completed in 13ms (View: 8, DB: 0) | 200 OK [http://localhost/]


Processing HomeController#index (for 127.0.0.1 at 2009-08-19 16:08:57) [GET]
Rendering template within layouts/application
Rendering home/index
Completed in 3ms (View: 3, DB: 0) | 200 OK [http://localhost/]


Processing CriancasController#index (for 127.0.0.1 at 2009-08-19 16:08:59) [GET]
Rendering template within layouts/criancas
Rendering criancas/index
Completed in 136ms (View: 56, DB: 5) | 200 OK [http://localhost/criancas]


Processing CriancasController#index (for 127.0.0.1 at 2009-08-19 16:08:59) [GET]
Rendering template within layouts/criancas
Rendering criancas/index
Completed in 125ms (View: 53, DB: 5) | 200 OK [http://localhost/criancas]


Processing CriancasController#consulta (for 127.0.0.1 at 2009-08-19 16:09:02) [POST]
  Parameters: {"authenticity_token"=>"64171132212858e37636134d5dffa556701f517f"}
Completed in 208ms (View: 166, DB: 6) | 200 OK [http://localhost/criancas/consulta]


Processing CriancasController#relatorio (for 127.0.0.1 at 2009-08-19 16:09:06) [POST]
  Parameters: {"authenticity_token"=>"64171132212858e37636134d5dffa556701f517f"}
Completed in 167ms (View: 117, DB: 12) | 200 OK [http://localhost/criancas/relatorio]


Processing HomeController#index (for 127.0.0.1 at 2009-08-19 16:09:29) [GET]
Rendering template within layouts/application
Rendering home/index
Completed in 13ms (View: 9, DB: 0) | 200 OK [http://localhost/]


Processing HomeController#index (for 127.0.0.1 at 2009-08-19 16:09:30) [GET]
Rendering template within layouts/application
Rendering home/index
Completed in 3ms (View: 3, DB: 0) | 200 OK [http://localhost/]


Processing CriancasController#index (for 127.0.0.1 at 2009-08-19 16:09:31) [GET]
Rendering template within layouts/criancas
Rendering criancas/index
Completed in 136ms (View: 56, DB: 5) | 200 OK [http://localhost/criancas]


Processing CriancasController#index (for 127.0.0.1 at 2009-08-19 16:09:31) [GET]
Rendering template within layouts/criancas
Rendering criancas/index
Completed in 124ms (View: 53, DB: 5) | 200 OK [http://localhost/criancas]


Processing CriancasController#consulta (for 127.0.0.1 at 2009-08-19 16:09:33) [POST]
  Parameters: {"authenticity_token"=>"64171132212858e37636134d5dffa556701f517f"}
Completed in 207ms (View: 166, DB: 6) | 200 OK [http://localhost/criancas/consulta]


Processing CriancasController#relatorio (for 127.0.0.1 at 2009-08-19 16:09:36) [POST]
  Parameters: {"authenticity_token"=>"64171132212858e37636134d5dffa556701f517f"}
Completed in 163ms (View: 114, DB: 11) | 200 OK [http://localhost/criancas/relatorio]


Processing HomeController#index (for 127.0.0.1 at 2009-08-19 16:10:11) [GET]
Rendering template within layouts/application
Rendering home/index
Completed in 9ms (View: 6, DB: 0) | 200 OK [http://localhost/]


Processing HomeController#index (for 127.0.0.1 at 2009-08-19 16:10:12) [GET]
Rendering template within layouts/application
Rendering home/index
Completed in 2ms (View: 2, DB: 0) | 200 OK [http://localhost/]


Processing CriancasController#index (for 127.0.0.1 at 2009-08-19 16:10:13) [GET]
Rendering template within layouts/criancas
Rendering criancas/index
Completed in 142ms (View: 59, DB: 5) | 200 OK [http://localhost/criancas]


Processing CriancasController#index (for 127.0.0.1 at 2009-08-19 16:10:13) [GET]
Rendering template within layouts/criancas
Rendering criancas/index
Completed in 125ms (View: 53, DB: 5) | 200 OK [http://localhost/criancas]


Processing CriancasController#consulta (for 127.0.0.1 at 2009-08-19 16:10:15) [POST]
  Parameters: {"authenticity_token"=>"64171132212858e37636134d5dffa556701f517f"}
Completed in 211ms (View: 169, DB: 6) | 200 OK [http://localhost/criancas/consulta]


Processing CriancasController#relatorio (for 127.0.0.1 at 2009-08-19 16:10:18) [POST]
  Parameters: {"authenticity_token"=>"64171132212858e37636134d5dffa556701f517f"}
Completed in 164ms (View: 115, DB: 11) | 200 OK [http://localhost/criancas/relatorio]


Processing CriancasController#relatorio_impressao (for 127.0.0.1 at 2009-08-19 16:10:27) [POST]
  Parameters: {"authenticity_token"=>"64171132212858e37636134d5dffa556701f517f"}
Completed in 233ms (View: 189, DB: 10) | 200 OK [http://localhost/criancas/relatorio_impressao]


Processing CriancasController#index (for 127.0.0.1 at 2009-08-19 16:10:35) [GET]
Rendering template within layouts/criancas
Rendering criancas/index
Completed in 258ms (View: 187, DB: 5) | 200 OK [http://localhost/criancas]


Processing CriancasController#index (for 127.0.0.1 at 2009-08-19 16:10:35) [GET]
Rendering template within layouts/criancas
Rendering criancas/index
Completed in 125ms (View: 53, DB: 4) | 200 OK [http://localhost/criancas]


Processing HomeController#index (for 127.0.0.1 at 2009-08-19 16:11:55) [GET]
Rendering template within layouts/application
Rendering home/index
Completed in 9ms (View: 6, DB: 0) | 200 OK [http://localhost/]


Processing HomeController#index (for 127.0.0.1 at 2009-08-19 16:11:55) [GET]
Rendering template within layouts/application
Rendering home/index
Completed in 3ms (View: 3, DB: 0) | 200 OK [http://localhost/]


Processing CriancasController#index (for 127.0.0.1 at 2009-08-19 16:11:58) [GET]
Rendering template within layouts/criancas
Rendering criancas/index
Completed in 132ms (View: 54, DB: 5) | 200 OK [http://localhost/criancas]


Processing CriancasController#index (for 127.0.0.1 at 2009-08-19 16:11:58) [GET]
Rendering template within layouts/criancas
Rendering criancas/index
Completed in 124ms (View: 53, DB: 5) | 200 OK [http://localhost/criancas]


Processing CriancasController#consulta (for 127.0.0.1 at 2009-08-19 16:12:00) [POST]
  Parameters: {"authenticity_token"=>"64171132212858e37636134d5dffa556701f517f"}
Completed in 198ms (View: 157, DB: 6) | 200 OK [http://localhost/criancas/consulta]


Processing CriancasController#relatorio (for 127.0.0.1 at 2009-08-19 16:12:03) [POST]
  Parameters: {"authenticity_token"=>"64171132212858e37636134d5dffa556701f517f"}
Completed in 164ms (View: 116, DB: 11) | 200 OK [http://localhost/criancas/relatorio]


Processing CriancasController#relatorio_impressao (for 127.0.0.1 at 2009-08-19 16:12:06) [POST]
  Parameters: {"authenticity_token"=>"64171132212858e37636134d5dffa556701f517f"}
Completed in 237ms (View: 193, DB: 9) | 200 OK [http://localhost/criancas/relatorio_impressao]


Processing CriancasController#index (for 127.0.0.1 at 2009-08-19 16:12:10) [GET]
Rendering template within layouts/criancas
Rendering criancas/index
Completed in 123ms (View: 53, DB: 5) | 200 OK [http://localhost/criancas]


Processing CriancasController#index (for 127.0.0.1 at 2009-08-19 16:12:11) [GET]
Rendering template within layouts/criancas
Rendering criancas/index
Completed in 256ms (View: 39, DB: 4) | 200 OK [http://localhost/criancas]


Processing CriancasController#consulta (for 127.0.0.1 at 2009-08-19 16:12:12) [POST]
  Parameters: {"authenticity_token"=>"64171132212858e37636134d5dffa556701f517f"}
Completed in 61ms (View: 26, DB: 2) | 200 OK [http://localhost/criancas/consulta]


Processing CriancasController#class_unid (for 127.0.0.1 at 2009-08-19 16:12:17) [POST]
  Parameters: {"authenticity_token"=>"64171132212858e37636134d5dffa556701f517f", "grupo_grupo_class_id"=>"1"}
Rendering criancas/class_unid


ActionView::MissingTemplate (Missing template criancas/class_unid.erb in view path /home/seduc/demanda/app/views:):
    /home/seduc/.gem/ruby/1.8/gems/actionpack-2.2.2/lib/action_view/template.rb:95:in `find_full_path'
    /home/seduc/.gem/ruby/1.8/gems/actionpack-2.2.2/lib/action_view/template.rb:16:in `initialize'
    /home/seduc/.gem/ruby/1.8/gems/actionpack-2.2.2/lib/action_view/base.rb:332:in `new'
    /home/seduc/.gem/ruby/1.8/gems/actionpack-2.2.2/lib/action_view/base.rb:332:in `_unmemoized__pick_template'
    /home/seduc/.gem/ruby/1.8/gems/activesupport-2.2.2/lib/active_support/memoizable.rb:70:in `_pick_template'
    /home/seduc/.gem/ruby/1.8/gems/actionpack-2.2.2/lib/action_view/base.rb:256:in `render'
    /home/seduc/.gem/ruby/1.8/gems/actionpack-2.2.2/lib/action_controller/base.rb:1174:in `render_for_file'
    /home/seduc/.gem/ruby/1.8/gems/actionpack-2.2.2/lib/action_controller/base.rb:896:in `render_without_benchmark'
    /home/seduc/.gem/ruby/1.8/gems/actionpack-2.2.2/lib/action_controller/benchmarking.rb:51:in `render'
    /home/seduc/.gem/ruby/1.8/gems/activesupport-2.2.2/lib/active_support/core_ext/benchmark.rb:8:in `realtime'
    /home/seduc/.gem/ruby/1.8/gems/actionpack-2.2.2/lib/action_controller/benchmarking.rb:51:in `render'
    /home/seduc/.gem/ruby/1.8/gems/actionpack-2.2.2/lib/action_controller/base.rb:868:in `render_without_benchmark'
    /home/seduc/.gem/ruby/1.8/gems/actionpack-2.2.2/lib/action_controller/benchmarking.rb:51:in `render'
    /home/seduc/.gem/ruby/1.8/gems/activesupport-2.2.2/lib/active_support/core_ext/benchmark.rb:8:in `realtime'
    /home/seduc/.gem/ruby/1.8/gems/actionpack-2.2.2/lib/action_controller/benchmarking.rb:51:in `render'
    /home/seduc/.gem/ruby/1.8/gems/actionpack-2.2.2/lib/action_controller/base.rb:1248:in `default_render'
    /home/seduc/.gem/ruby/1.8/gems/actionpack-2.2.2/lib/action_controller/base.rb:1254:in `perform_action_without_filters'
    /home/seduc/.gem/ruby/1.8/gems/actionpack-2.2.2/lib/action_controller/filters.rb:617:in `call_filters'
    /home/seduc/.gem/ruby/1.8/gems/actionpack-2.2.2/lib/action_controller/filters.rb:610:in `perform_action_without_benchmark'
    /home/seduc/.gem/ruby/1.8/gems/actionpack-2.2.2/lib/action_controller/benchmarking.rb:68:in `perform_action_without_rescue'
    /usr/lib/ruby/1.8/benchmark.rb:293:in `measure'
    /home/seduc/.gem/ruby/1.8/gems/actionpack-2.2.2/lib/action_controller/benchmarking.rb:68:in `perform_action_without_rescue'
    /home/seduc/.gem/ruby/1.8/gems/actionpack-2.2.2/lib/action_controller/rescue.rb:136:in `perform_action_without_caching'
    /home/seduc/.gem/ruby/1.8/gems/actionpack-2.2.2/lib/action_controller/caching/sql_cache.rb:13:in `perform_action'
    /home/seduc/.gem/ruby/1.8/gems/activerecord-2.2.2/lib/active_record/connection_adapters/abstract/query_cache.rb:34:in `cache'
    /home/seduc/.gem/ruby/1.8/gems/activerecord-2.2.2/lib/active_record/query_cache.rb:8:in `cache'
    /home/seduc/.gem/ruby/1.8/gems/actionpack-2.2.2/lib/action_controller/caching/sql_cache.rb:12:in `perform_action'
    /home/seduc/.gem/ruby/1.8/gems/actionpack-2.2.2/lib/action_controller/base.rb:524:in `send'
    /home/seduc/.gem/ruby/1.8/gems/actionpack-2.2.2/lib/action_controller/base.rb:524:in `process_without_filters'
    /home/seduc/.gem/ruby/1.8/gems/actionpack-2.2.2/lib/action_controller/filters.rb:606:in `process_without_session_management_support'
    /home/seduc/.gem/ruby/1.8/gems/actionpack-2.2.2/lib/action_controller/session_management.rb:134:in `process'
    /home/seduc/.gem/ruby/1.8/gems/actionpack-2.2.2/lib/action_controller/base.rb:392:in `process'
    /home/seduc/.gem/ruby/1.8/gems/actionpack-2.2.2/lib/action_controller/dispatcher.rb:183:in `handle_request'
    /home/seduc/.gem/ruby/1.8/gems/actionpack-2.2.2/lib/action_controller/dispatcher.rb:110:in `dispatch_unlocked'
    /home/seduc/.gem/ruby/1.8/gems/actionpack-2.2.2/lib/action_controller/dispatcher.rb:123:in `dispatch'
    /home/seduc/.gem/ruby/1.8/gems/actionpack-2.2.2/lib/action_controller/dispatcher.rb:122:in `synchronize'
    /home/seduc/.gem/ruby/1.8/gems/actionpack-2.2.2/lib/action_controller/dispatcher.rb:122:in `dispatch'
    /home/seduc/.gem/ruby/1.8/gems/actionpack-2.2.2/lib/action_controller/dispatcher.rb:132:in `dispatch_cgi'
    /home/seduc/.gem/ruby/1.8/gems/actionpack-2.2.2/lib/action_controller/dispatcher.rb:39:in `dispatch'
    /usr/lib/ruby/gems/1.8/gems/mongrel-1.1.5/bin/../lib/mongrel/rails.rb:76:in `process'
    /usr/lib/ruby/gems/1.8/gems/mongrel-1.1.5/bin/../lib/mongrel/rails.rb:74:in `synchronize'
    /usr/lib/ruby/gems/1.8/gems/mongrel-1.1.5/bin/../lib/mongrel/rails.rb:74:in `process'
    /usr/lib/ruby/gems/1.8/gems/mongrel-1.1.5/lib/mongrel.rb:159:in `process_client'
    /usr/lib/ruby/gems/1.8/gems/mongrel-1.1.5/lib/mongrel.rb:158:in `each'
    /usr/lib/ruby/gems/1.8/gems/mongrel-1.1.5/lib/mongrel.rb:158:in `process_client'
    /usr/lib/ruby/gems/1.8/gems/mongrel-1.1.5/lib/mongrel.rb:285:in `run'
    /usr/lib/ruby/gems/1.8/gems/mongrel-1.1.5/lib/mongrel.rb:285:in `initialize'
    /usr/lib/ruby/gems/1.8/gems/mongrel-1.1.5/lib/mongrel.rb:285:in `new'
    /usr/lib/ruby/gems/1.8/gems/mongrel-1.1.5/lib/mongrel.rb:285:in `run'
    /usr/lib/ruby/gems/1.8/gems/mongrel-1.1.5/lib/mongrel.rb:268:in `initialize'
    /usr/lib/ruby/gems/1.8/gems/mongrel-1.1.5/lib/mongrel.rb:268:in `new'
    /usr/lib/ruby/gems/1.8/gems/mongrel-1.1.5/lib/mongrel.rb:268:in `run'
    /usr/lib/ruby/gems/1.8/gems/mongrel-1.1.5/lib/mongrel/configurator.rb:282:in `run'
    /usr/lib/ruby/gems/1.8/gems/mongrel-1.1.5/lib/mongrel/configurator.rb:281:in `each'
    /usr/lib/ruby/gems/1.8/gems/mongrel-1.1.5/lib/mongrel/configurator.rb:281:in `run'
    /usr/lib/ruby/gems/1.8/gems/mongrel-1.1.5/bin/mongrel_rails:128:in `run'
    /usr/lib/ruby/gems/1.8/gems/mongrel-1.1.5/lib/mongrel/command.rb:212:in `run'
    /usr/lib/ruby/gems/1.8/gems/mongrel-1.1.5/bin/mongrel_rails:281
    /home/seduc/.gem/ruby/1.8/gems/activesupport-2.2.2/lib/active_support/dependencies.rb:142:in `load_without_new_constant_marking'
    /home/seduc/.gem/ruby/1.8/gems/activesupport-2.2.2/lib/active_support/dependencies.rb:142:in `load'
    /home/seduc/.gem/ruby/1.8/gems/activesupport-2.2.2/lib/active_support/dependencies.rb:521:in `new_constants_in'
    /home/seduc/.gem/ruby/1.8/gems/activesupport-2.2.2/lib/active_support/dependencies.rb:142:in `load'
    /usr/lib/ruby/gems/1.8/gems/rails-2.2.2/lib/commands/servers/mongrel.rb:64
    /usr/local/lib/site_ruby/1.8/rubygems/custom_require.rb:31:in `gem_original_require'
    /usr/local/lib/site_ruby/1.8/rubygems/custom_require.rb:31:in `require'
    /home/seduc/.gem/ruby/1.8/gems/activesupport-2.2.2/lib/active_support/dependencies.rb:153:in `require'
    /home/seduc/.gem/ruby/1.8/gems/activesupport-2.2.2/lib/active_support/dependencies.rb:521:in `new_constants_in'
    /home/seduc/.gem/ruby/1.8/gems/activesupport-2.2.2/lib/active_support/dependencies.rb:153:in `require'
    /usr/lib/ruby/gems/1.8/gems/rails-2.2.2/lib/commands/server.rb:49
    /usr/local/lib/site_ruby/1.8/rubygems/custom_require.rb:31:in `gem_original_require'
    /usr/local/lib/site_ruby/1.8/rubygems/custom_require.rb:31:in `require'
    script/server:3

Rendering /home/seduc/.gem/ruby/1.8/gems/actionpack-2.2.2/lib/action_controller/templates/rescues/layout.erb (internal_server_error)


Processing CriancasController#classif (for 127.0.0.1 at 2009-08-19 16:12:19) [POST]
  Parameters: {"authenticity_token"=>"64171132212858e37636134d5dffa556701f517f", "unidade_unidade_class_id"=>"15"}
Completed in 84ms (View: 33, DB: 16) | 200 OK [http://localhost/criancas/classif]


Processing CriancasController#index (for 127.0.0.1 at 2009-08-19 16:12:33) [GET]
Rendering template within layouts/criancas
Rendering criancas/index
Completed in 273ms (View: 61, DB: 7) | 200 OK [http://localhost/criancas]


Processing CriancasController#index (for 127.0.0.1 at 2009-08-19 16:12:33) [GET]
Rendering template within layouts/criancas
Rendering criancas/index
Completed in 119ms (View: 52, DB: 4) | 200 OK [http://localhost/criancas]


Processing HomeController#index (for 192.168.0.172 at 2009-08-19 16:13:27) [GET]
Rendering template within layouts/application
Rendering home/index
Completed in 3ms (View: 3, DB: 0) | 200 OK [http://192.168.0.153/]


Processing HomeController#index (for 192.168.0.172 at 2009-08-19 16:13:27) [GET]
Rendering template within layouts/application
Rendering home/index
Completed in 3ms (View: 3, DB: 0) | 200 OK [http://192.168.0.153/]


Processing CriancasController#index (for 192.168.0.172 at 2009-08-19 16:13:33) [GET]
Rendering template within layouts/criancas
Rendering criancas/index
Completed in 252ms (View: 42, DB: 4) | 200 OK [http://192.168.0.153/criancas]


Processing CriancasController#index (for 192.168.0.172 at 2009-08-19 16:13:34) [GET]
Rendering template within layouts/criancas
Rendering criancas/index
Completed in 111ms (View: 42, DB: 4) | 200 OK [http://192.168.0.153/criancas]


Processing CriancasController#consulta (for 192.168.0.172 at 2009-08-19 16:13:38) [POST]
  Parameters: {"authenticity_token"=>"b3409072dbb5d082a305520167ff147c8ec27c5a"}
Completed in 62ms (View: 26, DB: 2) | 200 OK [http://192.168.0.153/criancas/consulta]


Processing CriancasController#relatorio (for 192.168.0.172 at 2009-08-19 16:13:43) [POST]
  Parameters: {"authenticity_token"=>"b3409072dbb5d082a305520167ff147c8ec27c5a"}
Completed in 264ms (View: 84, DB: 9) | 200 OK [http://192.168.0.153/criancas/relatorio]


Processing CriancasController#relatorio_impressao (for 192.168.0.172 at 2009-08-19 16:13:48) [POST]
  Parameters: {"authenticity_token"=>"b3409072dbb5d082a305520167ff147c8ec27c5a"}
Completed in 233ms (View: 190, DB: 10) | 200 OK [http://192.168.0.153/criancas/relatorio_impressao]


Processing CriancasController#index (for 192.168.0.172 at 2009-08-19 16:14:00) [GET]
Rendering template within layouts/criancas
Rendering criancas/index
Completed in 94ms (View: 39, DB: 8) | 200 OK [http://192.168.0.153/criancas]


Processing CriancasController#index (for 192.168.0.172 at 2009-08-19 16:14:01) [GET]
Rendering template within layouts/criancas
Rendering criancas/index
Completed in 230ms (View: 39, DB: 4) | 200 OK [http://192.168.0.153/criancas]


Processing CriancasController#new (for 192.168.0.172 at 2009-08-19 16:14:04) [GET]
Rendering template within layouts/criancas
Rendering criancas/new
Completed in 88ms (View: 50, DB: 3) | 200 OK [http://192.168.0.153/criancas/new]


Processing CriancasController#new (for 192.168.0.172 at 2009-08-19 16:14:04) [GET]
Rendering template within layouts/criancas
Rendering criancas/new
Completed in 69ms (View: 33, DB: 2) | 200 OK [http://192.168.0.153/criancas/new]


Processing CriancasController#consulta (for 192.168.0.172 at 2009-08-19 16:14:20) [POST]
  Parameters: {"authenticity_token"=>"b3409072dbb5d082a305520167ff147c8ec27c5a"}
Completed in 189ms (View: 20, DB: 2) | 200 OK [http://192.168.0.153/criancas/consulta]


Processing CriancasController#un_op1_din (for 192.168.0.172 at 2009-08-19 16:14:28) [POST]
  Parameters: {"authenticity_token"=>"b3409072dbb5d082a305520167ff147c8ec27c5a", "unidade_unidade_op1_id"=>"1"}
Completed in 417ms (View: 346, DB: 24) | 200 OK [http://192.168.0.153/criancas/un_op1_din]


Processing CriancasController#versao_impressao (for 192.168.0.172 at 2009-08-19 16:14:35) [POST]
  Parameters: {"authenticity_token"=>"b3409072dbb5d082a305520167ff147c8ec27c5a"}
Completed in 338ms (View: 292, DB: 3) | 200 OK [http://192.168.0.153/criancas/versao_impressao]


Processing CriancasController#new (for 192.168.0.172 at 2009-08-19 16:14:51) [GET]
Rendering template within layouts/criancas
Rendering criancas/new
Completed in 71ms (View: 34, DB: 2) | 200 OK [http://192.168.0.153/criancas/new]


Processing CriancasController#new (for 192.168.0.172 at 2009-08-19 16:14:52) [GET]
Rendering template within layouts/criancas
Rendering criancas/new
Completed in 72ms (View: 34, DB: 2) | 200 OK [http://192.168.0.153/criancas/new]


Processing CriancasController#index (for 192.168.0.172 at 2009-08-19 16:15:52) [GET]
Rendering template within layouts/criancas
Rendering criancas/index
Completed in 222ms (View: 42, DB: 4) | 200 OK [http://192.168.0.153/criancas]


Processing CriancasController#index (for 192.168.0.172 at 2009-08-19 16:15:52) [GET]
Rendering template within layouts/criancas
Rendering criancas/index
Completed in 124ms (View: 52, DB: 5) | 200 OK [http://192.168.0.153/criancas]


Processing CriancasController#consulta (for 192.168.0.172 at 2009-08-19 16:15:55) [POST]
  Parameters: {"authenticity_token"=>"b3409072dbb5d082a305520167ff147c8ec27c5a"}
Completed in 56ms (View: 19, DB: 2) | 200 OK [http://192.168.0.153/criancas/consulta]


Processing CriancasController#relatorio (for 192.168.0.172 at 2009-08-19 16:16:05) [POST]
  Parameters: {"authenticity_token"=>"b3409072dbb5d082a305520167ff147c8ec27c5a"}
Completed in 267ms (View: 83, DB: 9) | 200 OK [http://192.168.0.153/criancas/relatorio]


Processing CriancasController#consulta (for 127.0.0.1 at 2009-08-20 07:25:12) [POST]
  Parameters: {"authenticity_token"=>"64171132212858e37636134d5dffa556701f517f"}
Completed in 67ms (View: 29, DB: 2) | 200 OK [http://localhost/criancas/consulta]


Processing CriancasController#relatorio (for 127.0.0.1 at 2009-08-20 07:25:18) [POST]
  Parameters: {"authenticity_token"=>"64171132212858e37636134d5dffa556701f517f"}
Completed in 152ms (View: 108, DB: 11) | 200 OK [http://localhost/criancas/relatorio]


Processing CriancasController#relatorio_impressao (for 127.0.0.1 at 2009-08-20 07:26:03) [POST]
  Parameters: {"authenticity_token"=>"64171132212858e37636134d5dffa556701f517f"}
Completed in 277ms (View: 102, DB: 9) | 200 OK [http://localhost/criancas/relatorio_impressao]


Processing CriancasController#index (for 127.0.0.1 at 2009-08-20 07:26:18) [GET]
Rendering template within layouts/criancas
Rendering criancas/index
Completed in 123ms (View: 54, DB: 4) | 200 OK [http://localhost/criancas]


Processing CriancasController#index (for 127.0.0.1 at 2009-08-20 07:26:19) [GET]
Rendering template within layouts/criancas
Rendering criancas/index
Completed in 276ms (View: 57, DB: 5) | 200 OK [http://localhost/criancas]


Processing CriancasController#consulta (for 127.0.0.1 at 2009-08-20 07:26:21) [POST]
  Parameters: {"authenticity_token"=>"64171132212858e37636134d5dffa556701f517f"}
Completed in 61ms (View: 26, DB: 2) | 200 OK [http://localhost/criancas/consulta]


Processing CriancasController#nome_crianca (for 127.0.0.1 at 2009-08-20 07:26:28) [POST]
  Parameters: {"authenticity_token"=>"64171132212858e37636134d5dffa556701f517f", "crianca_crianca_id"=>"105"}
Completed in 58ms (View: 7, DB: 17) | 200 OK [http://localhost/criancas/nome_crianca]


Processing CriancasController#versao_impressao_todas (for 127.0.0.1 at 2009-08-20 07:26:32) [POST]
  Parameters: {"authenticity_token"=>"64171132212858e37636134d5dffa556701f517f"}
Completed in 944ms (View: 878, DB: 5) | 200 OK [http://localhost/criancas/versao_impressao_todas]
